<?xml version="1.0" encoding="UTF-8"?>
<!-- Generated by org.testng.reporters.JUnitReportReporter -->
<testsuite hostname="DESKTOP-IFJ5947" failures="0" tests="1" name="com.actitime.testscript.CustomerModule" time="21.001" errors="0" timestamp="2023-07-21T20:54:20 IST" skipped="0">
  <testcase classname="com.actitime.testscript.CustomerModule" name="testCreateCustomer" time="21.001">
    <system-out>
      <![CDATA[Create Customer
Logout OF The Appliaction]]>
    </system-out>
  </testcase> <!-- testCreateCustomer -->
  <system-out>
    <![CDATA[Open Browser
Login To The Application
Create Customer
Logout OF The Appliaction
Close The Browser]]>
  </system-out>
</testsuite> <!-- com.actitime.testscript.CustomerModule -->
